<?xml version="1.0" encoding="utf-8"?><testsuites name="pytest tests"><testsuite name="pytest" errors="0" failures="0" skipped="0" tests="5" time="12.227" timestamp="2026-03-30T13:40:59.594530+00:00" hostname="agent-env-4c143921-ce5e-499a-8f1a-b591f0e709b5"><testcase classname="backend.tests.test_ai_voice_flow_regression" name="test_chat_reminder_creates_task_and_persists" time="3.321" /><testcase classname="backend.tests.test_ai_voice_flow_regression" name="test_voice_transcribe_accepts_audio_field_and_returns_ai_response" time="1.833" /><testcase classname="backend.tests.test_ai_voice_flow_regression" name="test_voice_process_alias_accepts_file_field_and_returns_ai_response" time="3.629" /><testcase classname="backend.tests.test_voice_fast_chat_regression" name="test_voice_context_chat_creates_reminder_quickly" time="1.696" /><testcase classname="backend.tests.test_voice_fast_chat_regression" name="test_voice_context_created_task_persists" time="1.725" /></testsuite></testsuites>