<?xml version="1.0" encoding="utf-8"?><testsuites name="pytest tests"><testsuite name="pytest" errors="0" failures="0" skipped="0" tests="2" time="1.172" timestamp="2026-03-31T14:55:45.434548+00:00" hostname="agent-env-4c143921-ce5e-499a-8f1a-b591f0e709b5"><testcase classname="backend.tests.test_premium_pricing_update" name="test_payment_packages_match_updated_titles_and_prices" time="0.187" /><testcase classname="backend.tests.test_premium_pricing_update" name="test_lifetime_checkout_status_reports_4900_cents" time="0.964" /></testsuite></testsuites>